# JRE version: Java(TM) SE Runtime Environment (8.0_60-b27) (build 1.8.0_60-b27)
# Java VM: Java HotSpot(TM) 64-Bit Server VM (25.60-b23 mixed mode linux-amd64 compressed oops)
Heap:
 PSYoungGen      total 67584K, used 55522K [0x00000000d7b00000, 0x00000000dc200000, 0x0000000100000000)
  eden space 62464K, 86% used [0x00000000d7b00000,0x00000000daf82110,0x00000000db800000)
  from space 5120K, 34% used [0x00000000dbd00000,0x00000000dbeb6aa8,0x00000000dc200000)
  to   space 5120K, 0% used [0x00000000db800000,0x00000000db800000,0x00000000dbd00000)
 ParOldGen       total 83456K, used 34035K [0x0000000087000000, 0x000000008c180000, 0x00000000d7b00000)
  object space 83456K, 40% used [0x0000000087000000,0x000000008913cdf0,0x000000008c180000)
 Metaspace       used 8083K, capacity 8230K, committed 8448K, reserved 1056768K
  class space    used 949K, capacity 1019K, committed 1024K, reserved 1048576K
GC Heap History (4 events):
Event: 0.328 GC heap before
{Heap before GC invocations=1 (full 0):
 PSYoungGen      total 36352K, used 31232K [0x00000000d7b00000, 0x00000000da380000, 0x0000000100000000)
  eden space 31232K, 100% used [0x00000000d7b00000,0x00000000d9980000,0x00000000d9980000)
  from space 5120K, 0% used [0x00000000d9e80000,0x00000000d9e80000,0x00000000da380000)
  to   space 5120K, 0% used [0x00000000d9980000,0x00000000d9980000,0x00000000d9e80000)
 ParOldGen       total 83456K, used 0K [0x0000000087000000, 0x000000008c180000, 0x00000000d7b00000)
  object space 83456K, 0% used [0x0000000087000000,0x0000000087000000,0x000000008c180000)
 Metaspace       used 6562K, capacity 6778K, committed 7040K, reserved 1056768K
  class space    used 716K, capacity 793K, committed 896K, reserved 1048576K
Event: 0.345 GC heap after
Heap after GC invocations=1 (full 0):
 PSYoungGen      total 36352K, used 1705K [0x00000000d7b00000, 0x00000000dc200000, 0x0000000100000000)
  eden space 31232K, 0% used [0x00000000d7b00000,0x00000000d7b00000,0x00000000d9980000)
  from space 5120K, 33% used [0x00000000d9980000,0x00000000d9b2a7b8,0x00000000d9e80000)
  to   space 5120K, 0% used [0x00000000dbd00000,0x00000000dbd00000,0x00000000dc200000)
 ParOldGen       total 83456K, used 34027K [0x0000000087000000, 0x000000008c180000, 0x00000000d7b00000)
  object space 83456K, 40% used [0x0000000087000000,0x000000008913adf0,0x000000008c180000)
 Metaspace       used 6562K, capacity 6778K, committed 7040K, reserved 1056768K
  class space    used 716K, capacity 793K, committed 896K, reserved 1048576K
}
Event: 0.499 GC heap before
{Heap before GC invocations=2 (full 0):
 PSYoungGen      total 36352K, used 32937K [0x00000000d7b00000, 0x00000000dc200000, 0x0000000100000000)
  eden space 31232K, 100% used [0x00000000d7b00000,0x00000000d9980000,0x00000000d9980000)
  from space 5120K, 33% used [0x00000000d9980000,0x00000000d9b2a7b8,0x00000000d9e80000)
  to   space 5120K, 0% used [0x00000000dbd00000,0x00000000dbd00000,0x00000000dc200000)
 ParOldGen       total 83456K, used 34027K [0x0000000087000000, 0x000000008c180000, 0x00000000d7b00000)
  object space 83456K, 40% used [0x0000000087000000,0x000000008913adf0,0x000000008c180000)
 Metaspace       used 7698K, capacity 7808K, committed 7936K, reserved 1056768K
  class space    used 873K, capacity 922K, committed 1024K, reserved 1048576K
Event: 0.507 GC heap after
Heap after GC invocations=2 (full 0):
 PSYoungGen      total 67584K, used 1754K [0x00000000d7b00000, 0x00000000dc200000, 0x0000000100000000)
  eden space 62464K, 0% used [0x00000000d7b00000,0x00000000d7b00000,0x00000000db800000)
  from space 5120K, 34% used [0x00000000dbd00000,0x00000000dbeb6aa8,0x00000000dc200000)
  to   space 5120K, 0% used [0x00000000db800000,0x00000000db800000,0x00000000dbd00000)
 ParOldGen       total 83456K, used 34035K [0x0000000087000000, 0x000000008c180000, 0x00000000d7b00000)
  object space 83456K, 40% used [0x0000000087000000,0x000000008913cdf0,0x000000008c180000)
 Metaspace       used 7698K, capacity 7808K, committed 7936K, reserved 1056768K
  class space    used 873K, capacity 922K, committed 1024K, reserved 1048576K
}

